2025-02-19 23:16:40 [main] INFO  c.delivery.DeliveryKataApplication - Starting DeliveryKataApplication using Java 21.0.6 with PID 162884 (C:\Users\youlm\git\delivery-kata\target\classes started by youlm in C:\Users\youlm\git\delivery-kata)
2025-02-19 23:16:40 [main] INFO  c.delivery.DeliveryKataApplication - No active profile set, falling back to 1 default profile: "default"
2025-02-19 23:16:41 [main] WARN  o.s.b.w.s.c.AnnotationConfigServletWebServerApplicationContext - Exception encountered during context initialization - cancelling refresh attempt: org.springframework.beans.factory.BeanDefinitionStoreException: Failed to parse configuration class [com.delivery.DeliveryKataApplication]
2025-02-19 23:16:41 [main] ERROR o.s.boot.SpringApplication - Application run failed
org.springframework.beans.factory.BeanDefinitionStoreException: Failed to parse configuration class [com.delivery.DeliveryKataApplication]
	at org.springframework.context.annotation.ConfigurationClassParser.parse(ConfigurationClassParser.java:185)
	at org.springframework.context.annotation.ConfigurationClassPostProcessor.processConfigBeanDefinitions(ConfigurationClassPostProcessor.java:418)
	at org.springframework.context.annotation.ConfigurationClassPostProcessor.postProcessBeanDefinitionRegistry(ConfigurationClassPostProcessor.java:290)
	at org.springframework.context.support.PostProcessorRegistrationDelegate.invokeBeanDefinitionRegistryPostProcessors(PostProcessorRegistrationDelegate.java:349)
	at org.springframework.context.support.PostProcessorRegistrationDelegate.invokeBeanFactoryPostProcessors(PostProcessorRegistrationDelegate.java:118)
	at org.springframework.context.support.AbstractApplicationContext.invokeBeanFactoryPostProcessors(AbstractApplicationContext.java:791)
	at org.springframework.context.support.AbstractApplicationContext.refresh(AbstractApplicationContext.java:609)
	at org.springframework.boot.web.servlet.context.ServletWebServerApplicationContext.refresh(ServletWebServerApplicationContext.java:146)
	at org.springframework.boot.SpringApplication.refresh(SpringApplication.java:752)
	at org.springframework.boot.SpringApplication.refreshContext(SpringApplication.java:439)
	at org.springframework.boot.SpringApplication.run(SpringApplication.java:318)
	at org.springframework.boot.SpringApplication.run(SpringApplication.java:1361)
	at org.springframework.boot.SpringApplication.run(SpringApplication.java:1350)
	at com.delivery.DeliveryKataApplication.main(DeliveryKataApplication.java:10)
Caused by: org.springframework.context.annotation.ConflictingBeanDefinitionException: Annotation-specified bean name 'securityConfig' for bean class [com.delivery.infrastructure.security.SecurityConfig] conflicts with existing, non-compatible bean definition of same name and class [com.delivery.infrastructure.config.SecurityConfig]
	at org.springframework.context.annotation.ClassPathBeanDefinitionScanner.checkCandidate(ClassPathBeanDefinitionScanner.java:361)
	at org.springframework.context.annotation.ClassPathBeanDefinitionScanner.doScan(ClassPathBeanDefinitionScanner.java:288)
	at org.springframework.context.annotation.ComponentScanAnnotationParser.parse(ComponentScanAnnotationParser.java:128)
	at org.springframework.context.annotation.ConfigurationClassParser.doProcessConfigurationClass(ConfigurationClassParser.java:332)
	at org.springframework.context.annotation.ConfigurationClassParser.processConfigurationClass(ConfigurationClassParser.java:267)
	at org.springframework.context.annotation.ConfigurationClassParser.parse(ConfigurationClassParser.java:193)
	at org.springframework.context.annotation.ConfigurationClassParser.parse(ConfigurationClassParser.java:171)
	... 13 common frames omitted
2025-02-19 23:28:54 [main] INFO  c.delivery.DeliveryKataApplication - Starting DeliveryKataApplication using Java 21.0.6 with PID 172872 (C:\Users\youlm\git\delivery-kata\target\classes started by youlm in C:\Users\youlm\git\delivery-kata)
2025-02-19 23:28:54 [main] INFO  c.delivery.DeliveryKataApplication - No active profile set, falling back to 1 default profile: "default"
2025-02-19 23:28:55 [main] WARN  o.s.b.w.s.c.AnnotationConfigServletWebServerApplicationContext - Exception encountered during context initialization - cancelling refresh attempt: org.springframework.beans.factory.support.BeanDefinitionOverrideException: Invalid bean definition with name 'securityFilterChain' defined in class path resource [com/delivery/infrastructure/security/SecurityConfig.class]: Cannot register bean definition [Root bean: class=null; scope=; abstract=false; lazyInit=null; autowireMode=3; dependencyCheck=0; autowireCandidate=true; primary=false; fallback=false; factoryBeanName=securityConfig; factoryMethodName=securityFilterChain; initMethodNames=null; destroyMethodNames=[(inferred)]; defined in class path resource [com/delivery/infrastructure/security/SecurityConfig.class]] for bean 'securityFilterChain' since there is already [Root bean: class=null; scope=; abstract=false; lazyInit=null; autowireMode=3; dependencyCheck=0; autowireCandidate=true; primary=false; fallback=false; factoryBeanName=webSecurityConfig; factoryMethodName=securityFilterChain; initMethodNames=null; destroyMethodNames=[(inferred)]; defined in class path resource [com/delivery/infrastructure/config/WebSecurityConfig.class]] bound.
2025-02-19 23:28:55 [main] INFO  o.s.b.a.l.ConditionEvaluationReportLogger - 

Error starting ApplicationContext. To display the condition evaluation report re-run your application with 'debug' enabled.
2025-02-19 23:28:55 [main] ERROR o.s.b.d.LoggingFailureAnalysisReporter - 

***************************
APPLICATION FAILED TO START
***************************

Description:

The bean 'securityFilterChain', defined in class path resource [com/delivery/infrastructure/security/SecurityConfig.class], could not be registered. A bean with that name has already been defined in class path resource [com/delivery/infrastructure/config/WebSecurityConfig.class] and overriding is disabled.

Action:

Consider renaming one of the beans or enabling overriding by setting spring.main.allow-bean-definition-overriding=true

2025-02-19 23:36:50 [main] INFO  c.delivery.DeliveryKataApplication - Starting DeliveryKataApplication using Java 21.0.6 with PID 177228 (C:\Users\youlm\git\delivery-kata\target\classes started by youlm in C:\Users\youlm\git\delivery-kata)
2025-02-19 23:36:50 [main] INFO  c.delivery.DeliveryKataApplication - No active profile set, falling back to 1 default profile: "default"
2025-02-19 23:36:51 [main] INFO  o.s.d.r.c.RepositoryConfigurationDelegate - Multiple Spring Data modules found, entering strict repository configuration mode
2025-02-19 23:36:51 [main] INFO  o.s.d.r.c.RepositoryConfigurationDelegate - Bootstrapping Spring Data R2DBC repositories in DEFAULT mode.
2025-02-19 23:36:51 [main] INFO  o.s.d.r.c.RepositoryConfigurationDelegate - Finished Spring Data repository scanning in 125 ms. Found 0 R2DBC repository interfaces.
2025-02-19 23:36:51 [main] INFO  o.s.d.r.c.RepositoryConfigurationDelegate - Multiple Spring Data modules found, entering strict repository configuration mode
2025-02-19 23:36:51 [main] INFO  o.s.d.r.c.RepositoryConfigurationDelegate - Bootstrapping Spring Data Redis repositories in DEFAULT mode.
2025-02-19 23:36:51 [main] INFO  o.s.d.r.c.RepositoryConfigurationExtensionSupport - Spring Data Redis - Could not safely identify store assignment for repository candidate interface com.delivery.infrastructure.persistence.JpaTimeSlotRepository; If you want this repository to be a Redis repository, consider annotating your entities with one of these annotations: org.springframework.data.redis.core.RedisHash (preferred), or consider extending one of the following types with your repository: org.springframework.data.keyvalue.repository.KeyValueRepository
2025-02-19 23:36:51 [main] INFO  o.s.d.r.c.RepositoryConfigurationDelegate - Finished Spring Data repository scanning in 7 ms. Found 0 Redis repository interfaces.
2025-02-19 23:36:52 [main] INFO  o.s.b.w.e.tomcat.TomcatWebServer - Tomcat initialized with port 8080 (http)
2025-02-19 23:36:52 [main] INFO  o.a.coyote.http11.Http11NioProtocol - Initializing ProtocolHandler ["http-nio-8080"]
2025-02-19 23:36:52 [main] INFO  o.a.catalina.core.StandardService - Starting service [Tomcat]
2025-02-19 23:36:52 [main] INFO  o.a.catalina.core.StandardEngine - Starting Servlet engine: [Apache Tomcat/10.1.34]
2025-02-19 23:36:53 [main] INFO  o.a.c.c.C.[Tomcat].[localhost].[/] - Initializing Spring embedded WebApplicationContext
2025-02-19 23:36:53 [main] INFO  o.s.b.w.s.c.ServletWebServerApplicationContext - Root WebApplicationContext: initialization completed in 2345 ms
2025-02-19 23:36:53 [main] WARN  o.s.b.w.s.c.AnnotationConfigServletWebServerApplicationContext - Exception encountered during context initialization - cancelling refresh attempt: org.springframework.beans.factory.UnsatisfiedDependencyException: Error creating bean with name 'timeSlotService' defined in file [C:\Users\youlm\git\delivery-kata\target\classes\com\delivery\domain\service\TimeSlotService.class]: Unsatisfied dependency expressed through constructor parameter 0: Error creating bean with name 'timeSlotRepositoryImpl' defined in file [C:\Users\youlm\git\delivery-kata\target\classes\com\delivery\infrastructure\persistence\TimeSlotRepositoryImpl.class]: Unsatisfied dependency expressed through constructor parameter 0: No qualifying bean of type 'com.delivery.infrastructure.persistence.JpaTimeSlotRepository' available: expected at least 1 bean which qualifies as autowire candidate. Dependency annotations: {}
2025-02-19 23:36:53 [main] INFO  o.a.catalina.core.StandardService - Stopping service [Tomcat]
2025-02-19 23:36:53 [main] INFO  o.s.b.a.l.ConditionEvaluationReportLogger - 

Error starting ApplicationContext. To display the condition evaluation report re-run your application with 'debug' enabled.
2025-02-19 23:36:53 [main] ERROR o.s.b.d.LoggingFailureAnalysisReporter - 

***************************
APPLICATION FAILED TO START
***************************

Description:

Parameter 0 of constructor in com.delivery.infrastructure.persistence.TimeSlotRepositoryImpl required a bean of type 'com.delivery.infrastructure.persistence.JpaTimeSlotRepository' that could not be found.


Action:

Consider defining a bean of type 'com.delivery.infrastructure.persistence.JpaTimeSlotRepository' in your configuration.

2025-02-19 23:39:49 [main] INFO  c.delivery.DeliveryKataApplication - Starting DeliveryKataApplication using Java 21.0.6 with PID 177560 (C:\Users\youlm\git\delivery-kata\target\classes started by youlm in C:\Users\youlm\git\delivery-kata)
2025-02-19 23:39:49 [main] INFO  c.delivery.DeliveryKataApplication - No active profile set, falling back to 1 default profile: "default"
2025-02-19 23:39:50 [main] INFO  o.s.d.r.c.RepositoryConfigurationDelegate - Multiple Spring Data modules found, entering strict repository configuration mode
2025-02-19 23:39:50 [main] INFO  o.s.d.r.c.RepositoryConfigurationDelegate - Bootstrapping Spring Data R2DBC repositories in DEFAULT mode.
2025-02-19 23:39:50 [main] INFO  o.s.d.r.c.RepositoryConfigurationExtensionSupport - Spring Data R2DBC - Could not safely identify store assignment for repository candidate interface com.delivery.infrastructure.persistence.JpaTimeSlotRepository; If you want this repository to be a R2DBC repository, consider annotating your entities with one of these annotations: org.springframework.data.relational.core.mapping.Table (preferred), or consider extending one of the following types with your repository: org.springframework.data.r2dbc.repository.R2dbcRepository
2025-02-19 23:39:50 [main] INFO  o.s.d.r.c.RepositoryConfigurationDelegate - Finished Spring Data repository scanning in 33 ms. Found 0 R2DBC repository interfaces.
2025-02-19 23:39:50 [main] INFO  o.s.d.r.c.RepositoryConfigurationDelegate - Multiple Spring Data modules found, entering strict repository configuration mode
2025-02-19 23:39:50 [main] INFO  o.s.d.r.c.RepositoryConfigurationDelegate - Bootstrapping Spring Data Redis repositories in DEFAULT mode.
2025-02-19 23:39:50 [main] INFO  o.s.d.r.c.RepositoryConfigurationExtensionSupport - Spring Data Redis - Could not safely identify store assignment for repository candidate interface com.delivery.infrastructure.persistence.JpaTimeSlotRepository; If you want this repository to be a Redis repository, consider annotating your entities with one of these annotations: org.springframework.data.redis.core.RedisHash (preferred), or consider extending one of the following types with your repository: org.springframework.data.keyvalue.repository.KeyValueRepository
2025-02-19 23:39:50 [main] INFO  o.s.d.r.c.RepositoryConfigurationDelegate - Finished Spring Data repository scanning in 6 ms. Found 0 Redis repository interfaces.
2025-02-19 23:39:51 [main] INFO  o.s.b.w.e.tomcat.TomcatWebServer - Tomcat initialized with port 8080 (http)
2025-02-19 23:39:51 [main] INFO  o.a.coyote.http11.Http11NioProtocol - Initializing ProtocolHandler ["http-nio-8080"]
2025-02-19 23:39:51 [main] INFO  o.a.catalina.core.StandardService - Starting service [Tomcat]
2025-02-19 23:39:51 [main] INFO  o.a.catalina.core.StandardEngine - Starting Servlet engine: [Apache Tomcat/10.1.34]
2025-02-19 23:39:51 [main] INFO  o.a.c.c.C.[Tomcat].[localhost].[/] - Initializing Spring embedded WebApplicationContext
2025-02-19 23:39:51 [main] INFO  o.s.b.w.s.c.ServletWebServerApplicationContext - Root WebApplicationContext: initialization completed in 2212 ms
2025-02-19 23:39:52 [main] WARN  o.s.b.w.s.c.AnnotationConfigServletWebServerApplicationContext - Exception encountered during context initialization - cancelling refresh attempt: org.springframework.beans.factory.UnsatisfiedDependencyException: Error creating bean with name 'timeSlotService' defined in file [C:\Users\youlm\git\delivery-kata\target\classes\com\delivery\domain\service\TimeSlotService.class]: Unsatisfied dependency expressed through constructor parameter 0: Error creating bean with name 'timeSlotRepositoryImpl' defined in file [C:\Users\youlm\git\delivery-kata\target\classes\com\delivery\infrastructure\persistence\TimeSlotRepositoryImpl.class]: Unsatisfied dependency expressed through constructor parameter 0: No qualifying bean of type 'com.delivery.infrastructure.persistence.JpaTimeSlotRepository' available: expected at least 1 bean which qualifies as autowire candidate. Dependency annotations: {}
2025-02-19 23:39:52 [main] INFO  o.a.catalina.core.StandardService - Stopping service [Tomcat]
2025-02-19 23:39:52 [main] INFO  o.s.b.a.l.ConditionEvaluationReportLogger - 

Error starting ApplicationContext. To display the condition evaluation report re-run your application with 'debug' enabled.
2025-02-19 23:39:52 [main] ERROR o.s.b.d.LoggingFailureAnalysisReporter - 

***************************
APPLICATION FAILED TO START
***************************

Description:

Parameter 0 of constructor in com.delivery.infrastructure.persistence.TimeSlotRepositoryImpl required a bean of type 'com.delivery.infrastructure.persistence.JpaTimeSlotRepository' that could not be found.


Action:

Consider defining a bean of type 'com.delivery.infrastructure.persistence.JpaTimeSlotRepository' in your configuration.

